Logfile initialized
[INFO] logfile = C:\Users\Ericiscool\Documents\Titanium_Studio_Workspace\theFishingAppGit\build.log
[DEBUG] C:\Users\Ericiscool\AppData\Roaming\Titanium\mobilesdk\win32\3.1.1.GA\android\builder.py install The Fishing App C:\Android SDK\sdk C:\Users\Ericiscool\Documents\Titanium_Studio_Workspace\theFishingAppGit com.eric.myapp 24
[INFO] Titanium SDK version: 3.1.1 (06/15/13 16:09 f7592c1)
[DEBUG] Waiting for device to be ready ...
[TRACE] adb devices returned 1 devices/emulators
[DEBUG] Device connected... (waited 0 seconds)
[DEBUG] waited 0.025000 seconds on emulator to get ready
[DEBUG] com.eric.myapp installed? True
[INFO] Copying CommonJS modules...
[INFO] Copying project resources..
[TRACE] COPYING MODIFIED FILE: C:\Users\Ericiscool\Documents\Titanium_Studio_Workspace\theFishingAppGit\Resources\KS_nav_views.png => C:\Users\Ericiscool\Documents\Titanium_Studio_Workspace\theFishingAppGit\build\android\bin\assets\Resources\KS_nav_views.png
[DEBUG] LiveView not enabled
[INFO] Tiapp.xml unchanged, skipping class generation
[DEBUG] Processing Android resource drawables
[DEBUG] found drawable-long-land-hdpi splash screen at C:\Users\Ericiscool\Documents\Titanium_Studio_Workspace\theFishingAppGit\Resources\android\images\res-long-land-hdpi\default.png
[DEBUG] found drawable-long-land-ldpi splash screen at C:\Users\Ericiscool\Documents\Titanium_Studio_Workspace\theFishingAppGit\Resources\android\images\res-long-land-ldpi\default.png
[DEBUG] found drawable-long-port-hdpi splash screen at C:\Users\Ericiscool\Documents\Titanium_Studio_Workspace\theFishingAppGit\Resources\android\images\res-long-port-hdpi\default.png
[DEBUG] found drawable-long-port-ldpi splash screen at C:\Users\Ericiscool\Documents\Titanium_Studio_Workspace\theFishingAppGit\Resources\android\images\res-long-port-ldpi\default.png
[DEBUG] found drawable-notlong-land-hdpi splash screen at C:\Users\Ericiscool\Documents\Titanium_Studio_Workspace\theFishingAppGit\Resources\android\images\res-notlong-land-hdpi\default.png
[DEBUG] found drawable-notlong-land-ldpi splash screen at C:\Users\Ericiscool\Documents\Titanium_Studio_Workspace\theFishingAppGit\Resources\android\images\res-notlong-land-ldpi\default.png
[DEBUG] found drawable-notlong-land-mdpi splash screen at C:\Users\Ericiscool\Documents\Titanium_Studio_Workspace\theFishingAppGit\Resources\android\images\res-notlong-land-mdpi\default.png
[DEBUG] found drawable-notlong-port-hdpi splash screen at C:\Users\Ericiscool\Documents\Titanium_Studio_Workspace\theFishingAppGit\Resources\android\images\res-notlong-port-hdpi\default.png
[DEBUG] found drawable-notlong-port-ldpi splash screen at C:\Users\Ericiscool\Documents\Titanium_Studio_Workspace\theFishingAppGit\Resources\android\images\res-notlong-port-ldpi\default.png
[DEBUG] found drawable-notlong-port-mdpi splash screen at C:\Users\Ericiscool\Documents\Titanium_Studio_Workspace\theFishingAppGit\Resources\android\images\res-notlong-port-mdpi\default.png
[DEBUG] creating unsigned apk: C:\Users\Ericiscool\Documents\Titanium_Studio_Workspace\theFishingAppGit\build\android\bin\app-unsigned.apk
[DEBUG] from resource zip => assets/Resources/KS_nav_ui.png
[DEBUG] from resource zip => assets/Resources/KS_nav_views.png
[DEBUG] from resource zip => assets/Resources/app.js
[DEBUG] from resource zip => assets/Resources/appicon.png
[DEBUG] from resource zip => assets/Resources/default.png
[DEBUG] from resource zip => assets/Resources/testWindow.js
[DEBUG] from resource zip => assets/app.json
[DEBUG] from resource zip => assets/index.json
[DEBUG] from resource zip => assets/tiapp.xml
[DEBUG] from resource zip => res/drawable/appicon.png
[DEBUG] from resource zip => res/drawable/background.png
[DEBUG] from resource zip => res/drawable/btn_check_buttonless_on_64.png
[DEBUG] from resource zip => res/drawable/btn_more_64.png
[DEBUG] from resource zip => res/drawable/disclosure_64.png
[DEBUG] from resource zip => res/layout/titanium_tabgroup.xml
[DEBUG] from resource zip => res/layout/titanium_ui_list_header_or_footer.xml
[DEBUG] from resource zip => res/layout/titanium_ui_list_item.xml
[DEBUG] from resource zip => AndroidManifest.xml
[DEBUG] from resource zip => resources.arsc
[DEBUG] from resource zip => res/drawable-long-land-hdpi/background.png
[DEBUG] from resource zip => res/drawable-long-land-hdpi/thumbs_2c5499c213.db
[DEBUG] from resource zip => res/drawable-long-land-ldpi/background.png
[DEBUG] from resource zip => res/drawable-long-land-ldpi/thumbs_2c5499c213.db
[DEBUG] from resource zip => res/drawable-long-port-hdpi/background.png
[DEBUG] from resource zip => res/drawable-long-port-hdpi/thumbs_2c5499c213.db
[DEBUG] from resource zip => res/drawable-long-port-ldpi/background.png
[DEBUG] from resource zip => res/drawable-long-port-ldpi/thumbs_2c5499c213.db
[DEBUG] from resource zip => res/drawable-notlong-land-hdpi/background.png
[DEBUG] from resource zip => res/drawable-notlong-land-hdpi/thumbs_2c5499c213.db
[DEBUG] from resource zip => res/drawable-notlong-land-ldpi/background.png
[DEBUG] from resource zip => res/drawable-notlong-land-ldpi/thumbs_2c5499c213.db
[DEBUG] from resource zip => res/drawable-notlong-land-mdpi/background.png
[DEBUG] from resource zip => res/drawable-notlong-land-mdpi/thumbs_2c5499c213.db
[DEBUG] from resource zip => res/drawable-notlong-port-hdpi/background.png
[DEBUG] from resource zip => res/drawable-notlong-port-ldpi/background.png
[DEBUG] from resource zip => res/drawable-notlong-port-ldpi/thumbs_2c5499c213.db
[DEBUG] from resource zip => res/drawable-notlong-port-mdpi/background.png
[DEBUG] from JAR C:\Users\Ericiscool\AppData\Roaming\Titanium\mobilesdk\win32\3.1.1.GA\android\titanium.jar => org/appcelerator/titanium/build.properties
[DEBUG] from JAR C:\Users\Ericiscool\AppData\Roaming\Titanium\mobilesdk\win32\3.1.1.GA\android\titanium.jar => org/appcelerator/titanium/res/drawable/background.png
[DEBUG] from JAR C:\Users\Ericiscool\AppData\Roaming\Titanium\mobilesdk\win32\3.1.1.GA\android\titanium.jar => org/appcelerator/titanium/res/drawable/btn_check_buttonless_on.png
[DEBUG] from JAR C:\Users\Ericiscool\AppData\Roaming\Titanium\mobilesdk\win32\3.1.1.GA\android\titanium.jar => org/appcelerator/titanium/res/drawable/btn_check_buttonless_on_18.png
[DEBUG] from JAR C:\Users\Ericiscool\AppData\Roaming\Titanium\mobilesdk\win32\3.1.1.GA\android\titanium.jar => org/appcelerator/titanium/res/drawable/btn_check_buttonless_on_48.png
[DEBUG] from JAR C:\Users\Ericiscool\AppData\Roaming\Titanium\mobilesdk\win32\3.1.1.GA\android\titanium.jar => org/appcelerator/titanium/res/drawable/btn_check_buttonless_on_64.png
[DEBUG] from JAR C:\Users\Ericiscool\AppData\Roaming\Titanium\mobilesdk\win32\3.1.1.GA\android\titanium.jar => org/appcelerator/titanium/res/drawable/btn_more.png
[DEBUG] from JAR C:\Users\Ericiscool\AppData\Roaming\Titanium\mobilesdk\win32\3.1.1.GA\android\titanium.jar => org/appcelerator/titanium/res/drawable/btn_more_18.png
[DEBUG] from JAR C:\Users\Ericiscool\AppData\Roaming\Titanium\mobilesdk\win32\3.1.1.GA\android\titanium.jar => org/appcelerator/titanium/res/drawable/btn_more_48.png
[DEBUG] from JAR C:\Users\Ericiscool\AppData\Roaming\Titanium\mobilesdk\win32\3.1.1.GA\android\titanium.jar => org/appcelerator/titanium/res/drawable/btn_more_64.png
[DEBUG] from JAR C:\Users\Ericiscool\AppData\Roaming\Titanium\mobilesdk\win32\3.1.1.GA\android\titanium.jar => org/appcelerator/titanium/res/drawable/btn_picker_normal.9.png
[DEBUG] from JAR C:\Users\Ericiscool\AppData\Roaming\Titanium\mobilesdk\win32\3.1.1.GA\android\titanium.jar => org/appcelerator/titanium/res/drawable/btn_picker_pressed.9.png
[DEBUG] from JAR C:\Users\Ericiscool\AppData\Roaming\Titanium\mobilesdk\win32\3.1.1.GA\android\titanium.jar => org/appcelerator/titanium/res/drawable/btn_picker_selected.9.png
[DEBUG] from JAR C:\Users\Ericiscool\AppData\Roaming\Titanium\mobilesdk\win32\3.1.1.GA\android\titanium.jar => org/appcelerator/titanium/res/drawable/default_icon.png
[DEBUG] from JAR C:\Users\Ericiscool\AppData\Roaming\Titanium\mobilesdk\win32\3.1.1.GA\android\titanium.jar => org/appcelerator/titanium/res/drawable/photoDefault.png
[DEBUG] from JAR C:\Users\Ericiscool\AppData\Roaming\Titanium\mobilesdk\win32\3.1.1.GA\android\modules\titanium-ui.jar => ti/modules/titanium/ui/widget/webview/binding.js
[DEBUG] from JAR C:\Users\Ericiscool\AppData\Roaming\Titanium\mobilesdk\win32\3.1.1.GA\android\modules\titanium-ui.jar => ti/modules/titanium/ui/widget/webview/binding.min.js
[DEBUG] from JAR C:\Users\Ericiscool\AppData\Roaming\Titanium\mobilesdk\win32\3.1.1.GA\android\modules\titanium-ui.jar => ti/modules/titanium/ui/widget/webview/json2.js
[DEBUG] from JAR C:\Users\Ericiscool\AppData\Roaming\Titanium\mobilesdk\win32\3.1.1.GA\android\modules\titanium-ui.jar => ti/modules/titanium/ui/widget/webview/polling.js
[DEBUG] from JAR C:\Users\Ericiscool\AppData\Roaming\Titanium\mobilesdk\win32\3.1.1.GA\android\modules\titanium-ui.jar => ti/modules/titanium/ui/widget/webview/polling.min.js
[DEBUG] installing native SDK libs
[DEBUG] Waiting for device to be ready ...
[TRACE] adb devices returned 1 devices/emulators
[DEBUG] Device connected... (waited 0 seconds)
[DEBUG] waited 0.033000 seconds on emulator to get ready
[INFO] Installing application on device
[INFO] Application installed. Launch from drawer on Home Screen
